[0.071s] Invoking command in '/home/ephrem/bocbot_ws/build/bocbot': CMAKE_PREFIX_PATH=/opt/ros/humble /usr/bin/cmake --build /home/ephrem/bocbot_ws/build/bocbot -- -j4 -l4
[0.164s] [100%] Built target media_files
[0.177s] Invoked command in '/home/ephrem/bocbot_ws/build/bocbot' returned '0': CMAKE_PREFIX_PATH=/opt/ros/humble /usr/bin/cmake --build /home/ephrem/bocbot_ws/build/bocbot -- -j4 -l4
[0.223s] Invoking command in '/home/ephrem/bocbot_ws/build/bocbot': CMAKE_PREFIX_PATH=/opt/ros/humble /usr/bin/cmake --install /home/ephrem/bocbot_ws/build/bocbot
[0.232s] -- Install configuration: ""
[0.232s] -- Up-to-date: /home/ephrem/bocbot_ws/install/bocbot/share/bocbot/worlds
[0.233s] -- Up-to-date: /home/ephrem/bocbot_ws/install/bocbot/share/bocbot/worlds/bocbot_office.world
[0.233s] -- Up-to-date: /home/ephrem/bocbot_ws/install/bocbot/share/bocbot/urdf
[0.233s] -- Up-to-date: /home/ephrem/bocbot_ws/install/bocbot/share/bocbot/urdf/bocbot.urdf
[0.233s] -- Up-to-date: /home/ephrem/bocbot_ws/install/bocbot/share/bocbot/urdf/bocbot.gazebo
[0.234s] -- Up-to-date: /home/ephrem/bocbot_ws/install/bocbot/share/bocbot/urdf/bocbot.urdf.xacro
[0.234s] -- Up-to-date: /home/ephrem/bocbot_ws/install/bocbot/share/bocbot/launch
[0.234s] -- Up-to-date: /home/ephrem/bocbot_ws/install/bocbot/share/bocbot/launch/world.launch.py
[0.234s] -- Up-to-date: /home/ephrem/bocbot_ws/install/bocbot/share/ament_index/resource_index/package_run_dependencies/bocbot
[0.234s] -- Up-to-date: /home/ephrem/bocbot_ws/install/bocbot/share/ament_index/resource_index/parent_prefix_path/bocbot
[0.235s] -- Up-to-date: /home/ephrem/bocbot_ws/install/bocbot/share/bocbot/environment/ament_prefix_path.sh
[0.235s] -- Up-to-date: /home/ephrem/bocbot_ws/install/bocbot/share/bocbot/environment/ament_prefix_path.dsv
[0.235s] -- Up-to-date: /home/ephrem/bocbot_ws/install/bocbot/share/bocbot/environment/path.sh
[0.235s] -- Up-to-date: /home/ephrem/bocbot_ws/install/bocbot/share/bocbot/environment/path.dsv
[0.235s] -- Up-to-date: /home/ephrem/bocbot_ws/install/bocbot/share/bocbot/local_setup.bash
[0.235s] -- Up-to-date: /home/ephrem/bocbot_ws/install/bocbot/share/bocbot/local_setup.sh
[0.235s] -- Up-to-date: /home/ephrem/bocbot_ws/install/bocbot/share/bocbot/local_setup.zsh
[0.236s] -- Up-to-date: /home/ephrem/bocbot_ws/install/bocbot/share/bocbot/local_setup.dsv
[0.236s] -- Installing: /home/ephrem/bocbot_ws/install/bocbot/share/bocbot/package.dsv
[0.237s] -- Up-to-date: /home/ephrem/bocbot_ws/install/bocbot/share/ament_index/resource_index/packages/bocbot
[0.237s] -- Up-to-date: /home/ephrem/bocbot_ws/install/bocbot/share/bocbot/cmake/bocbotConfig.cmake
[0.237s] -- Up-to-date: /home/ephrem/bocbot_ws/install/bocbot/share/bocbot/cmake/bocbotConfig-version.cmake
[0.237s] -- Up-to-date: /home/ephrem/bocbot_ws/install/bocbot/share/bocbot/package.xml
[0.238s] Invoked command in '/home/ephrem/bocbot_ws/build/bocbot' returned '0': CMAKE_PREFIX_PATH=/opt/ros/humble /usr/bin/cmake --install /home/ephrem/bocbot_ws/build/bocbot
