[11.887s] DEBUG:colcon:Command line arguments: ['/usr/bin/colcon', 'build']
[11.887s] DEBUG:colcon:Parsed command line arguments: Namespace(log_base=None, log_level=None, verb_name='build', build_base='build', install_base='install', merge_install=False, symlink_install=False, test_result_base=None, continue_on_error=False, executor='parallel', parallel_workers=4, event_handlers=None, ignore_user_meta=False, metas=['./colcon.meta'], base_paths=['.'], packages_ignore=None, packages_ignore_regex=None, paths=None, packages_up_to=None, packages_up_to_regex=None, packages_above=None, packages_above_and_dependencies=None, packages_above_depth=None, packages_select_by_dep=None, packages_skip_by_dep=None, packages_skip_up_to=None, packages_select_build_failed=False, packages_skip_build_finished=False, packages_select_test_failures=False, packages_skip_test_passed=False, packages_select=None, packages_skip=None, packages_select_regex=None, packages_skip_regex=None, packages_start=None, packages_end=None, allow_overriding=[], cmake_args=None, cmake_target=None, cmake_target_skip_unavailable=False, cmake_clean_cache=False, cmake_clean_first=False, cmake_force_configure=False, ament_cmake_args=None, catkin_cmake_args=None, catkin_skip_building_tests=False, verb_parser=<colcon_defaults.argument_parser.defaults.DefaultArgumentsDecorator object at 0x7fac5a286320>, verb_extension=<colcon_core.verb.build.BuildVerb object at 0x7fac5a552620>, main=<bound method BuildVerb.main of <colcon_core.verb.build.BuildVerb object at 0x7fac5a552620>>)
[12.634s] Level 1:colcon.colcon_core.package_discovery:discover_packages(colcon_meta) check parameters
[12.634s] Level 1:colcon.colcon_core.package_discovery:discover_packages(recursive) check parameters
[12.635s] Level 1:colcon.colcon_core.package_discovery:discover_packages(ignore) check parameters
[12.635s] Level 1:colcon.colcon_core.package_discovery:discover_packages(path) check parameters
[12.635s] Level 1:colcon.colcon_core.package_discovery:discover_packages(colcon_meta) discover
[12.635s] Level 1:colcon.colcon_core.package_discovery:discover_packages(recursive) discover
[12.635s] INFO:colcon.colcon_core.package_discovery:Crawling recursively for packages in '/home/ephrem/bocbot_ws'
[12.636s] Level 1:colcon.colcon_core.package_identification:_identify(.) by extensions ['ignore', 'ignore_ament_install']
[12.636s] Level 1:colcon.colcon_core.package_identification:_identify(.) by extension 'ignore'
[12.636s] Level 1:colcon.colcon_core.package_identification:_identify(.) by extension 'ignore_ament_install'
[12.636s] Level 1:colcon.colcon_core.package_identification:_identify(.) by extensions ['colcon_pkg']
[12.636s] Level 1:colcon.colcon_core.package_identification:_identify(.) by extension 'colcon_pkg'
[12.636s] Level 1:colcon.colcon_core.package_identification:_identify(.) by extensions ['colcon_meta']
[12.636s] Level 1:colcon.colcon_core.package_identification:_identify(.) by extension 'colcon_meta'
[12.637s] Level 1:colcon.colcon_core.package_identification:_identify(.) by extensions ['ros']
[12.637s] Level 1:colcon.colcon_core.package_identification:_identify(.) by extension 'ros'
[12.693s] Level 1:colcon.colcon_core.package_identification:_identify(.) by extensions ['cmake', 'python']
[12.693s] Level 1:colcon.colcon_core.package_identification:_identify(.) by extension 'cmake'
[12.693s] Level 1:colcon.colcon_core.package_identification:_identify(.) by extension 'python'
[12.693s] Level 1:colcon.colcon_core.package_identification:_identify(.) by extensions ['python_setup_py']
[12.694s] Level 1:colcon.colcon_core.package_identification:_identify(.) by extension 'python_setup_py'
[12.694s] Level 1:colcon.colcon_core.package_identification:_identify(build) by extensions ['ignore', 'ignore_ament_install']
[12.694s] Level 1:colcon.colcon_core.package_identification:_identify(build) by extension 'ignore'
[12.694s] Level 1:colcon.colcon_core.package_identification:_identify(build) ignored
[12.694s] Level 1:colcon.colcon_core.package_identification:_identify(install) by extensions ['ignore', 'ignore_ament_install']
[12.694s] Level 1:colcon.colcon_core.package_identification:_identify(install) by extension 'ignore'
[12.694s] Level 1:colcon.colcon_core.package_identification:_identify(install) ignored
[12.694s] Level 1:colcon.colcon_core.package_identification:_identify(log) by extensions ['ignore', 'ignore_ament_install']
[12.695s] Level 1:colcon.colcon_core.package_identification:_identify(log) by extension 'ignore'
[12.695s] Level 1:colcon.colcon_core.package_identification:_identify(log) ignored
[12.695s] Level 1:colcon.colcon_core.package_identification:_identify(src) by extensions ['ignore', 'ignore_ament_install']
[12.695s] Level 1:colcon.colcon_core.package_identification:_identify(src) by extension 'ignore'
[12.695s] Level 1:colcon.colcon_core.package_identification:_identify(src) by extension 'ignore_ament_install'
[12.695s] Level 1:colcon.colcon_core.package_identification:_identify(src) by extensions ['colcon_pkg']
[12.695s] Level 1:colcon.colcon_core.package_identification:_identify(src) by extension 'colcon_pkg'
[12.695s] Level 1:colcon.colcon_core.package_identification:_identify(src) by extensions ['colcon_meta']
[12.695s] Level 1:colcon.colcon_core.package_identification:_identify(src) by extension 'colcon_meta'
[12.695s] Level 1:colcon.colcon_core.package_identification:_identify(src) by extensions ['ros']
[12.695s] Level 1:colcon.colcon_core.package_identification:_identify(src) by extension 'ros'
[12.695s] Level 1:colcon.colcon_core.package_identification:_identify(src) by extensions ['cmake', 'python']
[12.695s] Level 1:colcon.colcon_core.package_identification:_identify(src) by extension 'cmake'
[12.695s] Level 1:colcon.colcon_core.package_identification:_identify(src) by extension 'python'
[12.696s] Level 1:colcon.colcon_core.package_identification:_identify(src) by extensions ['python_setup_py']
[12.696s] Level 1:colcon.colcon_core.package_identification:_identify(src) by extension 'python_setup_py'
[12.696s] Level 1:colcon.colcon_core.package_identification:_identify(src/bocbot) by extensions ['ignore', 'ignore_ament_install']
[12.696s] Level 1:colcon.colcon_core.package_identification:_identify(src/bocbot) by extension 'ignore'
[12.696s] Level 1:colcon.colcon_core.package_identification:_identify(src/bocbot) by extension 'ignore_ament_install'
[12.696s] Level 1:colcon.colcon_core.package_identification:_identify(src/bocbot) by extensions ['colcon_pkg']
[12.696s] Level 1:colcon.colcon_core.package_identification:_identify(src/bocbot) by extension 'colcon_pkg'
[12.696s] Level 1:colcon.colcon_core.package_identification:_identify(src/bocbot) by extensions ['colcon_meta']
[12.696s] Level 1:colcon.colcon_core.package_identification:_identify(src/bocbot) by extension 'colcon_meta'
[12.696s] Level 1:colcon.colcon_core.package_identification:_identify(src/bocbot) by extensions ['ros']
[12.696s] Level 1:colcon.colcon_core.package_identification:_identify(src/bocbot) by extension 'ros'
[12.733s] DEBUG:colcon.colcon_core.package_identification:Package 'src/bocbot' with type 'ros.ament_cmake' and name 'bocbot'
[12.733s] Level 1:colcon.colcon_core.package_discovery:discover_packages(recursive) using defaults
[12.733s] Level 1:colcon.colcon_core.package_discovery:discover_packages(ignore) discover
[12.733s] Level 1:colcon.colcon_core.package_discovery:discover_packages(ignore) using defaults
[12.734s] Level 1:colcon.colcon_core.package_discovery:discover_packages(path) discover
[12.734s] Level 1:colcon.colcon_core.package_discovery:discover_packages(path) using defaults
[13.453s] Level 1:colcon.colcon_core.package_discovery:discover_packages(prefix_path) check parameters
[13.453s] Level 1:colcon.colcon_core.package_discovery:discover_packages(prefix_path) discover
[13.488s] Level 1:colcon.colcon_core.package_discovery:discover_packages(prefix_path) using defaults
[13.528s] Level 5:colcon.colcon_core.verb:set package 'bocbot' build argument 'cmake_args' from command line to 'None'
[13.528s] Level 5:colcon.colcon_core.verb:set package 'bocbot' build argument 'cmake_target' from command line to 'None'
[13.528s] Level 5:colcon.colcon_core.verb:set package 'bocbot' build argument 'cmake_target_skip_unavailable' from command line to 'False'
[13.528s] Level 5:colcon.colcon_core.verb:set package 'bocbot' build argument 'cmake_clean_cache' from command line to 'False'
[13.528s] Level 5:colcon.colcon_core.verb:set package 'bocbot' build argument 'cmake_clean_first' from command line to 'False'
[13.528s] Level 5:colcon.colcon_core.verb:set package 'bocbot' build argument 'cmake_force_configure' from command line to 'False'
[13.528s] Level 5:colcon.colcon_core.verb:set package 'bocbot' build argument 'ament_cmake_args' from command line to 'None'
[13.528s] Level 5:colcon.colcon_core.verb:set package 'bocbot' build argument 'catkin_cmake_args' from command line to 'None'
[13.528s] Level 5:colcon.colcon_core.verb:set package 'bocbot' build argument 'catkin_skip_building_tests' from command line to 'False'
[13.528s] DEBUG:colcon.colcon_core.verb:Building package 'bocbot' with the following arguments: {'ament_cmake_args': None, 'build_base': '/home/ephrem/bocbot_ws/build/bocbot', 'catkin_cmake_args': None, 'catkin_skip_building_tests': False, 'cmake_args': None, 'cmake_clean_cache': False, 'cmake_clean_first': False, 'cmake_force_configure': False, 'cmake_target': None, 'cmake_target_skip_unavailable': False, 'install_base': '/home/ephrem/bocbot_ws/install/bocbot', 'merge_install': False, 'path': '/home/ephrem/bocbot_ws/src/bocbot', 'symlink_install': False, 'test_result_base': None}
[13.538s] INFO:colcon.colcon_core.executor:Executing jobs using 'parallel' executor
[13.549s] DEBUG:colcon.colcon_parallel_executor.executor.parallel:run_until_complete
[13.549s] INFO:colcon.colcon_ros.task.ament_cmake.build:Building ROS package in '/home/ephrem/bocbot_ws/src/bocbot' with build type 'ament_cmake'
[13.549s] INFO:colcon.colcon_cmake.task.cmake.build:Building CMake package in '/home/ephrem/bocbot_ws/src/bocbot'
[13.624s] INFO:colcon.colcon_core.plugin_system:Skipping extension 'colcon_core.shell.bat': Not used on non-Windows systems
[13.624s] INFO:colcon.colcon_core.shell:Skip shell extension 'powershell' for command environment: Not usable outside of PowerShell
[13.624s] DEBUG:colcon.colcon_core.shell:Skip shell extension 'dsv' for command environment
[13.730s] DEBUG:colcon.colcon_core.event_handler.log_command:Invoking command in '/home/ephrem/bocbot_ws/build/bocbot': /usr/bin/cmake --build /home/ephrem/bocbot_ws/build/bocbot -- -j4 -l4
[14.976s] DEBUG:colcon.colcon_core.event_handler.log_command:Invoked command in '/home/ephrem/bocbot_ws/build/bocbot' returned '0': /usr/bin/cmake --build /home/ephrem/bocbot_ws/build/bocbot -- -j4 -l4
[15.010s] DEBUG:colcon.colcon_core.event_handler.log_command:Invoking command in '/home/ephrem/bocbot_ws/build/bocbot': /usr/bin/cmake --install /home/ephrem/bocbot_ws/build/bocbot
[15.034s] Level 1:colcon.colcon_core.environment:create_environment_scripts_only(bocbot)
[15.035s] DEBUG:colcon.colcon_core.event_handler.log_command:Invoked command in '/home/ephrem/bocbot_ws/build/bocbot' returned '0': /usr/bin/cmake --install /home/ephrem/bocbot_ws/build/bocbot
[15.122s] Level 1:colcon.colcon_core.environment:checking '/home/ephrem/bocbot_ws/install/bocbot' for CMake module files
[15.122s] Level 1:colcon.colcon_core.environment:checking '/home/ephrem/bocbot_ws/install/bocbot' for CMake config files
[15.123s] Level 1:colcon.colcon_core.shell:create_environment_hook('bocbot', 'cmake_prefix_path')
[15.133s] INFO:colcon.colcon_core.shell:Creating environment hook '/home/ephrem/bocbot_ws/install/bocbot/share/bocbot/hook/cmake_prefix_path.ps1'
[15.143s] INFO:colcon.colcon_core.shell:Creating environment descriptor '/home/ephrem/bocbot_ws/install/bocbot/share/bocbot/hook/cmake_prefix_path.dsv'
[15.161s] INFO:colcon.colcon_core.shell:Creating environment hook '/home/ephrem/bocbot_ws/install/bocbot/share/bocbot/hook/cmake_prefix_path.sh'
[15.162s] Level 1:colcon.colcon_core.environment:checking '/home/ephrem/bocbot_ws/install/bocbot/bin'
[15.163s] Level 1:colcon.colcon_core.environment:checking '/home/ephrem/bocbot_ws/install/bocbot/lib/pkgconfig/bocbot.pc'
[15.178s] Level 1:colcon.colcon_core.environment:checking '/home/ephrem/bocbot_ws/install/bocbot/lib/python3.10/site-packages'
[15.179s] Level 1:colcon.colcon_core.environment:checking '/home/ephrem/bocbot_ws/install/bocbot/bin'
[15.211s] INFO:colcon.colcon_core.shell:Creating package script '/home/ephrem/bocbot_ws/install/bocbot/share/bocbot/package.ps1'
[15.295s] INFO:colcon.colcon_core.shell:Creating package descriptor '/home/ephrem/bocbot_ws/install/bocbot/share/bocbot/package.dsv'
[15.304s] INFO:colcon.colcon_core.shell:Creating package script '/home/ephrem/bocbot_ws/install/bocbot/share/bocbot/package.sh'
[15.327s] INFO:colcon.colcon_core.shell:Creating package script '/home/ephrem/bocbot_ws/install/bocbot/share/bocbot/package.bash'
[15.414s] INFO:colcon.colcon_core.shell:Creating package script '/home/ephrem/bocbot_ws/install/bocbot/share/bocbot/package.zsh'
[15.468s] Level 1:colcon.colcon_core.environment:create_file_with_runtime_dependencies(/home/ephrem/bocbot_ws/install/bocbot/share/colcon-core/packages/bocbot)
[15.527s] Level 1:colcon.colcon_core.environment:create_environment_scripts_only(bocbot)
[15.544s] Level 1:colcon.colcon_core.environment:checking '/home/ephrem/bocbot_ws/install/bocbot' for CMake module files
[15.546s] Level 1:colcon.colcon_core.environment:checking '/home/ephrem/bocbot_ws/install/bocbot' for CMake config files
[15.546s] Level 1:colcon.colcon_core.shell:create_environment_hook('bocbot', 'cmake_prefix_path')
[15.564s] INFO:colcon.colcon_core.shell:Creating environment hook '/home/ephrem/bocbot_ws/install/bocbot/share/bocbot/hook/cmake_prefix_path.ps1'
[15.565s] INFO:colcon.colcon_core.shell:Creating environment descriptor '/home/ephrem/bocbot_ws/install/bocbot/share/bocbot/hook/cmake_prefix_path.dsv'
[15.566s] INFO:colcon.colcon_core.shell:Creating environment hook '/home/ephrem/bocbot_ws/install/bocbot/share/bocbot/hook/cmake_prefix_path.sh'
[15.567s] Level 1:colcon.colcon_core.environment:checking '/home/ephrem/bocbot_ws/install/bocbot/bin'
[15.567s] Level 1:colcon.colcon_core.environment:checking '/home/ephrem/bocbot_ws/install/bocbot/lib/pkgconfig/bocbot.pc'
[15.568s] Level 1:colcon.colcon_core.environment:checking '/home/ephrem/bocbot_ws/install/bocbot/lib/python3.10/site-packages'
[15.568s] Level 1:colcon.colcon_core.environment:checking '/home/ephrem/bocbot_ws/install/bocbot/bin'
[15.584s] INFO:colcon.colcon_core.shell:Creating package script '/home/ephrem/bocbot_ws/install/bocbot/share/bocbot/package.ps1'
[15.585s] INFO:colcon.colcon_core.shell:Creating package descriptor '/home/ephrem/bocbot_ws/install/bocbot/share/bocbot/package.dsv'
[15.586s] INFO:colcon.colcon_core.shell:Creating package script '/home/ephrem/bocbot_ws/install/bocbot/share/bocbot/package.sh'
[15.587s] INFO:colcon.colcon_core.shell:Creating package script '/home/ephrem/bocbot_ws/install/bocbot/share/bocbot/package.bash'
[15.588s] INFO:colcon.colcon_core.shell:Creating package script '/home/ephrem/bocbot_ws/install/bocbot/share/bocbot/package.zsh'
[15.588s] Level 1:colcon.colcon_core.environment:create_file_with_runtime_dependencies(/home/ephrem/bocbot_ws/install/bocbot/share/colcon-core/packages/bocbot)
[15.589s] DEBUG:colcon.colcon_parallel_executor.executor.parallel:closing loop
[15.590s] DEBUG:colcon.colcon_parallel_executor.executor.parallel:loop closed
[15.590s] DEBUG:colcon.colcon_parallel_executor.executor.parallel:run_until_complete finished with '0'
[15.590s] DEBUG:colcon.colcon_core.event_reactor:joining thread
[15.688s] INFO:colcon.colcon_core.plugin_system:Skipping extension 'colcon_notification.desktop_notification.terminal_notifier': Not used on non-Darwin systems
[15.688s] INFO:colcon.colcon_core.plugin_system:Skipping extension 'colcon_notification.desktop_notification.win32': Not used on non-Windows systems
[15.688s] INFO:colcon.colcon_notification.desktop_notification:Sending desktop notification using 'notify2'
[15.715s] DEBUG:colcon.colcon_core.event_reactor:joined thread
[15.730s] INFO:colcon.colcon_core.shell:Creating prefix script '/home/ephrem/bocbot_ws/install/local_setup.ps1'
[15.875s] INFO:colcon.colcon_core.shell:Creating prefix util module '/home/ephrem/bocbot_ws/install/_local_setup_util_ps1.py'
[15.878s] INFO:colcon.colcon_core.shell:Creating prefix chain script '/home/ephrem/bocbot_ws/install/setup.ps1'
[15.974s] INFO:colcon.colcon_core.shell:Creating prefix script '/home/ephrem/bocbot_ws/install/local_setup.sh'
[16.008s] INFO:colcon.colcon_core.shell:Creating prefix util module '/home/ephrem/bocbot_ws/install/_local_setup_util_sh.py'
[16.010s] INFO:colcon.colcon_core.shell:Creating prefix chain script '/home/ephrem/bocbot_ws/install/setup.sh'
[16.066s] INFO:colcon.colcon_core.shell:Creating prefix script '/home/ephrem/bocbot_ws/install/local_setup.bash'
[16.083s] INFO:colcon.colcon_core.shell:Creating prefix chain script '/home/ephrem/bocbot_ws/install/setup.bash'
[16.133s] INFO:colcon.colcon_core.shell:Creating prefix script '/home/ephrem/bocbot_ws/install/local_setup.zsh'
[16.166s] INFO:colcon.colcon_core.shell:Creating prefix chain script '/home/ephrem/bocbot_ws/install/setup.zsh'
