[0.174s] Invoking command in '/home/ephrem/bocbot_ws/build/bocbot': CMAKE_PREFIX_PATH=${CMAKE_PREFIX_PATH}:/opt/ros/humble /usr/bin/cmake --build /home/ephrem/bocbot_ws/build/bocbot -- -j4 -l4
[0.271s] [100%] Built target media_files
[0.285s] Invoked command in '/home/ephrem/bocbot_ws/build/bocbot' returned '0': CMAKE_PREFIX_PATH=${CMAKE_PREFIX_PATH}:/opt/ros/humble /usr/bin/cmake --build /home/ephrem/bocbot_ws/build/bocbot -- -j4 -l4
[0.348s] Invoking command in '/home/ephrem/bocbot_ws/build/bocbot': CMAKE_PREFIX_PATH=${CMAKE_PREFIX_PATH}:/opt/ros/humble /usr/bin/cmake --install /home/ephrem/bocbot_ws/build/bocbot
[0.361s] -- Install configuration: ""
[0.362s] -- Up-to-date: /home/ephrem/bocbot_ws/install/bocbot/share/bocbot/worlds
[0.362s] -- Installing: /home/ephrem/bocbot_ws/install/bocbot/share/bocbot/worlds/boc_office.world
[0.363s] -- Up-to-date: /home/ephrem/bocbot_ws/install/bocbot/share/bocbot/urdf
[0.363s] -- Up-to-date: /home/ephrem/bocbot_ws/install/bocbot/share/bocbot/urdf/bocbot.urdf
[0.363s] -- Up-to-date: /home/ephrem/bocbot_ws/install/bocbot/share/bocbot/urdf/bocbot.gazebo
[0.363s] -- Up-to-date: /home/ephrem/bocbot_ws/install/bocbot/share/bocbot/urdf/bocbot.urdf.xacro
[0.363s] -- Up-to-date: /home/ephrem/bocbot_ws/install/bocbot/share/bocbot/launch
[0.364s] -- Up-to-date: /home/ephrem/bocbot_ws/install/bocbot/share/bocbot/launch/world.launch.py
[0.364s] -- Up-to-date: /home/ephrem/bocbot_ws/install/bocbot/share/ament_index/resource_index/package_run_dependencies/bocbot
[0.364s] -- Up-to-date: /home/ephrem/bocbot_ws/install/bocbot/share/ament_index/resource_index/parent_prefix_path/bocbot
[0.364s] -- Up-to-date: /home/ephrem/bocbot_ws/install/bocbot/share/bocbot/environment/ament_prefix_path.sh
[0.365s] -- Up-to-date: /home/ephrem/bocbot_ws/install/bocbot/share/bocbot/environment/ament_prefix_path.dsv
[0.365s] -- Up-to-date: /home/ephrem/bocbot_ws/install/bocbot/share/bocbot/environment/path.sh
[0.365s] -- Up-to-date: /home/ephrem/bocbot_ws/install/bocbot/share/bocbot/environment/path.dsv
[0.365s] -- Up-to-date: /home/ephrem/bocbot_ws/install/bocbot/share/bocbot/local_setup.bash
[0.365s] -- Up-to-date: /home/ephrem/bocbot_ws/install/bocbot/share/bocbot/local_setup.sh
[0.366s] -- Up-to-date: /home/ephrem/bocbot_ws/install/bocbot/share/bocbot/local_setup.zsh
[0.366s] -- Up-to-date: /home/ephrem/bocbot_ws/install/bocbot/share/bocbot/local_setup.dsv
[0.366s] -- Up-to-date: /home/ephrem/bocbot_ws/install/bocbot/share/bocbot/package.dsv
[0.366s] -- Up-to-date: /home/ephrem/bocbot_ws/install/bocbot/share/ament_index/resource_index/packages/bocbot
[0.366s] -- Up-to-date: /home/ephrem/bocbot_ws/install/bocbot/share/bocbot/cmake/bocbotConfig.cmake
[0.367s] -- Up-to-date: /home/ephrem/bocbot_ws/install/bocbot/share/bocbot/cmake/bocbotConfig-version.cmake
[0.368s] -- Up-to-date: /home/ephrem/bocbot_ws/install/bocbot/share/bocbot/package.xml
[0.368s] Invoked command in '/home/ephrem/bocbot_ws/build/bocbot' returned '0': CMAKE_PREFIX_PATH=${CMAKE_PREFIX_PATH}:/opt/ros/humble /usr/bin/cmake --install /home/ephrem/bocbot_ws/build/bocbot
