[4.686s] DEBUG:colcon:Command line arguments: ['/usr/bin/colcon', 'build']
[4.686s] DEBUG:colcon:Parsed command line arguments: Namespace(log_base=None, log_level=None, verb_name='build', build_base='build', install_base='install', merge_install=False, symlink_install=False, test_result_base=None, continue_on_error=False, executor='parallel', parallel_workers=4, event_handlers=None, ignore_user_meta=False, metas=['./colcon.meta'], base_paths=['.'], packages_ignore=None, packages_ignore_regex=None, paths=None, packages_up_to=None, packages_up_to_regex=None, packages_above=None, packages_above_and_dependencies=None, packages_above_depth=None, packages_select_by_dep=None, packages_skip_by_dep=None, packages_skip_up_to=None, packages_select_build_failed=False, packages_skip_build_finished=False, packages_select_test_failures=False, packages_skip_test_passed=False, packages_select=None, packages_skip=None, packages_select_regex=None, packages_skip_regex=None, packages_start=None, packages_end=None, allow_overriding=[], cmake_args=None, cmake_target=None, cmake_target_skip_unavailable=False, cmake_clean_cache=False, cmake_clean_first=False, cmake_force_configure=False, ament_cmake_args=None, catkin_cmake_args=None, catkin_skip_building_tests=False, verb_parser=<colcon_defaults.argument_parser.defaults.DefaultArgumentsDecorator object at 0x7f69d1b775e0>, verb_extension=<colcon_core.verb.build.BuildVerb object at 0x7f69d1fb74f0>, main=<bound method BuildVerb.main of <colcon_core.verb.build.BuildVerb object at 0x7f69d1fb74f0>>)
[4.741s] Level 1:colcon.colcon_core.package_discovery:discover_packages(colcon_meta) check parameters
[4.742s] Level 1:colcon.colcon_core.package_discovery:discover_packages(recursive) check parameters
[4.742s] Level 1:colcon.colcon_core.package_discovery:discover_packages(ignore) check parameters
[4.742s] Level 1:colcon.colcon_core.package_discovery:discover_packages(path) check parameters
[4.742s] Level 1:colcon.colcon_core.package_discovery:discover_packages(colcon_meta) discover
[4.742s] Level 1:colcon.colcon_core.package_discovery:discover_packages(recursive) discover
[4.742s] INFO:colcon.colcon_core.package_discovery:Crawling recursively for packages in '/home/ephrem/bocbot_ws'
[4.742s] Level 1:colcon.colcon_core.package_identification:_identify(.) by extensions ['ignore', 'ignore_ament_install']
[4.742s] Level 1:colcon.colcon_core.package_identification:_identify(.) by extension 'ignore'
[4.742s] Level 1:colcon.colcon_core.package_identification:_identify(.) by extension 'ignore_ament_install'
[4.742s] Level 1:colcon.colcon_core.package_identification:_identify(.) by extensions ['colcon_pkg']
[4.743s] Level 1:colcon.colcon_core.package_identification:_identify(.) by extension 'colcon_pkg'
[4.743s] Level 1:colcon.colcon_core.package_identification:_identify(.) by extensions ['colcon_meta']
[4.743s] Level 1:colcon.colcon_core.package_identification:_identify(.) by extension 'colcon_meta'
[4.743s] Level 1:colcon.colcon_core.package_identification:_identify(.) by extensions ['ros']
[4.743s] Level 1:colcon.colcon_core.package_identification:_identify(.) by extension 'ros'
[4.756s] Level 1:colcon.colcon_core.package_identification:_identify(.) by extensions ['cmake', 'python']
[4.756s] Level 1:colcon.colcon_core.package_identification:_identify(.) by extension 'cmake'
[4.756s] Level 1:colcon.colcon_core.package_identification:_identify(.) by extension 'python'
[4.756s] Level 1:colcon.colcon_core.package_identification:_identify(.) by extensions ['python_setup_py']
[4.756s] Level 1:colcon.colcon_core.package_identification:_identify(.) by extension 'python_setup_py'
[4.756s] Level 1:colcon.colcon_core.package_identification:_identify(build) by extensions ['ignore', 'ignore_ament_install']
[4.757s] Level 1:colcon.colcon_core.package_identification:_identify(build) by extension 'ignore'
[4.757s] Level 1:colcon.colcon_core.package_identification:_identify(build) ignored
[4.757s] Level 1:colcon.colcon_core.package_identification:_identify(install) by extensions ['ignore', 'ignore_ament_install']
[4.757s] Level 1:colcon.colcon_core.package_identification:_identify(install) by extension 'ignore'
[4.757s] Level 1:colcon.colcon_core.package_identification:_identify(install) ignored
[4.757s] Level 1:colcon.colcon_core.package_identification:_identify(log) by extensions ['ignore', 'ignore_ament_install']
[4.758s] Level 1:colcon.colcon_core.package_identification:_identify(log) by extension 'ignore'
[4.758s] Level 1:colcon.colcon_core.package_identification:_identify(log) ignored
[4.758s] Level 1:colcon.colcon_core.package_identification:_identify(src) by extensions ['ignore', 'ignore_ament_install']
[4.758s] Level 1:colcon.colcon_core.package_identification:_identify(src) by extension 'ignore'
[4.758s] Level 1:colcon.colcon_core.package_identification:_identify(src) by extension 'ignore_ament_install'
[4.758s] Level 1:colcon.colcon_core.package_identification:_identify(src) by extensions ['colcon_pkg']
[4.758s] Level 1:colcon.colcon_core.package_identification:_identify(src) by extension 'colcon_pkg'
[4.758s] Level 1:colcon.colcon_core.package_identification:_identify(src) by extensions ['colcon_meta']
[4.758s] Level 1:colcon.colcon_core.package_identification:_identify(src) by extension 'colcon_meta'
[4.758s] Level 1:colcon.colcon_core.package_identification:_identify(src) by extensions ['ros']
[4.758s] Level 1:colcon.colcon_core.package_identification:_identify(src) by extension 'ros'
[4.759s] Level 1:colcon.colcon_core.package_identification:_identify(src) by extensions ['cmake', 'python']
[4.759s] Level 1:colcon.colcon_core.package_identification:_identify(src) by extension 'cmake'
[4.759s] Level 1:colcon.colcon_core.package_identification:_identify(src) by extension 'python'
[4.759s] Level 1:colcon.colcon_core.package_identification:_identify(src) by extensions ['python_setup_py']
[4.759s] Level 1:colcon.colcon_core.package_identification:_identify(src) by extension 'python_setup_py'
[4.759s] Level 1:colcon.colcon_core.package_identification:_identify(src/bocbot) by extensions ['ignore', 'ignore_ament_install']
[4.759s] Level 1:colcon.colcon_core.package_identification:_identify(src/bocbot) by extension 'ignore'
[4.759s] Level 1:colcon.colcon_core.package_identification:_identify(src/bocbot) by extension 'ignore_ament_install'
[4.759s] Level 1:colcon.colcon_core.package_identification:_identify(src/bocbot) by extensions ['colcon_pkg']
[4.759s] Level 1:colcon.colcon_core.package_identification:_identify(src/bocbot) by extension 'colcon_pkg'
[4.760s] Level 1:colcon.colcon_core.package_identification:_identify(src/bocbot) by extensions ['colcon_meta']
[4.760s] Level 1:colcon.colcon_core.package_identification:_identify(src/bocbot) by extension 'colcon_meta'
[4.760s] Level 1:colcon.colcon_core.package_identification:_identify(src/bocbot) by extensions ['ros']
[4.760s] Level 1:colcon.colcon_core.package_identification:_identify(src/bocbot) by extension 'ros'
[4.763s] DEBUG:colcon.colcon_core.package_identification:Package 'src/bocbot' with type 'ros.ament_cmake' and name 'bocbot'
[4.763s] Level 1:colcon.colcon_core.package_discovery:discover_packages(recursive) using defaults
[4.764s] Level 1:colcon.colcon_core.package_discovery:discover_packages(ignore) discover
[4.764s] Level 1:colcon.colcon_core.package_discovery:discover_packages(ignore) using defaults
[4.764s] Level 1:colcon.colcon_core.package_discovery:discover_packages(path) discover
[4.764s] Level 1:colcon.colcon_core.package_discovery:discover_packages(path) using defaults
[4.869s] Level 1:colcon.colcon_core.package_discovery:discover_packages(prefix_path) check parameters
[4.869s] Level 1:colcon.colcon_core.package_discovery:discover_packages(prefix_path) discover
[4.934s] DEBUG:colcon.colcon_installed_package_information.package_discovery:Found 333 installed packages in /opt/ros/humble
[4.936s] Level 1:colcon.colcon_core.package_discovery:discover_packages(prefix_path) using defaults
[5.054s] Level 5:colcon.colcon_core.verb:set package 'bocbot' build argument 'cmake_args' from command line to 'None'
[5.054s] Level 5:colcon.colcon_core.verb:set package 'bocbot' build argument 'cmake_target' from command line to 'None'
[5.054s] Level 5:colcon.colcon_core.verb:set package 'bocbot' build argument 'cmake_target_skip_unavailable' from command line to 'False'
[5.054s] Level 5:colcon.colcon_core.verb:set package 'bocbot' build argument 'cmake_clean_cache' from command line to 'False'
[5.054s] Level 5:colcon.colcon_core.verb:set package 'bocbot' build argument 'cmake_clean_first' from command line to 'False'
[5.054s] Level 5:colcon.colcon_core.verb:set package 'bocbot' build argument 'cmake_force_configure' from command line to 'False'
[5.054s] Level 5:colcon.colcon_core.verb:set package 'bocbot' build argument 'ament_cmake_args' from command line to 'None'
[5.054s] Level 5:colcon.colcon_core.verb:set package 'bocbot' build argument 'catkin_cmake_args' from command line to 'None'
[5.054s] Level 5:colcon.colcon_core.verb:set package 'bocbot' build argument 'catkin_skip_building_tests' from command line to 'False'
[5.054s] DEBUG:colcon.colcon_core.verb:Building package 'bocbot' with the following arguments: {'ament_cmake_args': None, 'build_base': '/home/ephrem/bocbot_ws/build/bocbot', 'catkin_cmake_args': None, 'catkin_skip_building_tests': False, 'cmake_args': None, 'cmake_clean_cache': False, 'cmake_clean_first': False, 'cmake_force_configure': False, 'cmake_target': None, 'cmake_target_skip_unavailable': False, 'install_base': '/home/ephrem/bocbot_ws/install/bocbot', 'merge_install': False, 'path': '/home/ephrem/bocbot_ws/src/bocbot', 'symlink_install': False, 'test_result_base': None}
[5.071s] INFO:colcon.colcon_core.executor:Executing jobs using 'parallel' executor
[5.088s] DEBUG:colcon.colcon_parallel_executor.executor.parallel:run_until_complete
[5.089s] INFO:colcon.colcon_ros.task.ament_cmake.build:Building ROS package in '/home/ephrem/bocbot_ws/src/bocbot' with build type 'ament_cmake'
[5.089s] INFO:colcon.colcon_cmake.task.cmake.build:Building CMake package in '/home/ephrem/bocbot_ws/src/bocbot'
[5.114s] INFO:colcon.colcon_core.plugin_system:Skipping extension 'colcon_core.shell.bat': Not used on non-Windows systems
[5.115s] INFO:colcon.colcon_core.shell:Skip shell extension 'powershell' for command environment: Not usable outside of PowerShell
[5.115s] DEBUG:colcon.colcon_core.shell:Skip shell extension 'dsv' for command environment
[5.161s] DEBUG:colcon.colcon_core.event_handler.log_command:Invoking command in '/home/ephrem/bocbot_ws/build/bocbot': CMAKE_PREFIX_PATH=/opt/ros/humble /usr/bin/cmake --build /home/ephrem/bocbot_ws/build/bocbot -- -j4 -l4
[5.267s] DEBUG:colcon.colcon_core.event_handler.log_command:Invoked command in '/home/ephrem/bocbot_ws/build/bocbot' returned '0': CMAKE_PREFIX_PATH=/opt/ros/humble /usr/bin/cmake --build /home/ephrem/bocbot_ws/build/bocbot -- -j4 -l4
[5.313s] DEBUG:colcon.colcon_core.event_handler.log_command:Invoking command in '/home/ephrem/bocbot_ws/build/bocbot': CMAKE_PREFIX_PATH=/opt/ros/humble /usr/bin/cmake --install /home/ephrem/bocbot_ws/build/bocbot
[5.325s] Level 1:colcon.colcon_core.environment:create_environment_scripts_only(bocbot)
[5.327s] DEBUG:colcon.colcon_core.event_handler.log_command:Invoked command in '/home/ephrem/bocbot_ws/build/bocbot' returned '0': CMAKE_PREFIX_PATH=/opt/ros/humble /usr/bin/cmake --install /home/ephrem/bocbot_ws/build/bocbot
[5.347s] Level 1:colcon.colcon_core.environment:checking '/home/ephrem/bocbot_ws/install/bocbot' for CMake module files
[5.347s] Level 1:colcon.colcon_core.environment:checking '/home/ephrem/bocbot_ws/install/bocbot' for CMake config files
[5.348s] Level 1:colcon.colcon_core.shell:create_environment_hook('bocbot', 'cmake_prefix_path')
[5.365s] INFO:colcon.colcon_core.shell:Creating environment hook '/home/ephrem/bocbot_ws/install/bocbot/share/bocbot/hook/cmake_prefix_path.ps1'
[5.366s] INFO:colcon.colcon_core.shell:Creating environment descriptor '/home/ephrem/bocbot_ws/install/bocbot/share/bocbot/hook/cmake_prefix_path.dsv'
[5.366s] INFO:colcon.colcon_core.shell:Creating environment hook '/home/ephrem/bocbot_ws/install/bocbot/share/bocbot/hook/cmake_prefix_path.sh'
[5.367s] Level 1:colcon.colcon_core.environment:checking '/home/ephrem/bocbot_ws/install/bocbot/bin'
[5.367s] Level 1:colcon.colcon_core.environment:checking '/home/ephrem/bocbot_ws/install/bocbot/lib/pkgconfig/bocbot.pc'
[5.368s] Level 1:colcon.colcon_core.environment:checking '/home/ephrem/bocbot_ws/install/bocbot/lib/python3.10/site-packages'
[5.368s] Level 1:colcon.colcon_core.environment:checking '/home/ephrem/bocbot_ws/install/bocbot/bin'
[5.385s] INFO:colcon.colcon_core.shell:Creating package script '/home/ephrem/bocbot_ws/install/bocbot/share/bocbot/package.ps1'
[5.387s] INFO:colcon.colcon_core.shell:Creating package descriptor '/home/ephrem/bocbot_ws/install/bocbot/share/bocbot/package.dsv'
[5.388s] INFO:colcon.colcon_core.shell:Creating package script '/home/ephrem/bocbot_ws/install/bocbot/share/bocbot/package.sh'
[5.389s] INFO:colcon.colcon_core.shell:Creating package script '/home/ephrem/bocbot_ws/install/bocbot/share/bocbot/package.bash'
[5.390s] INFO:colcon.colcon_core.shell:Creating package script '/home/ephrem/bocbot_ws/install/bocbot/share/bocbot/package.zsh'
[5.391s] Level 1:colcon.colcon_core.environment:create_file_with_runtime_dependencies(/home/ephrem/bocbot_ws/install/bocbot/share/colcon-core/packages/bocbot)
[5.473s] Level 1:colcon.colcon_core.environment:create_environment_scripts_only(bocbot)
[5.491s] Level 1:colcon.colcon_core.environment:checking '/home/ephrem/bocbot_ws/install/bocbot' for CMake module files
[5.491s] Level 1:colcon.colcon_core.environment:checking '/home/ephrem/bocbot_ws/install/bocbot' for CMake config files
[5.492s] Level 1:colcon.colcon_core.shell:create_environment_hook('bocbot', 'cmake_prefix_path')
[5.513s] INFO:colcon.colcon_core.shell:Creating environment hook '/home/ephrem/bocbot_ws/install/bocbot/share/bocbot/hook/cmake_prefix_path.ps1'
[5.513s] INFO:colcon.colcon_core.shell:Creating environment descriptor '/home/ephrem/bocbot_ws/install/bocbot/share/bocbot/hook/cmake_prefix_path.dsv'
[5.514s] INFO:colcon.colcon_core.shell:Creating environment hook '/home/ephrem/bocbot_ws/install/bocbot/share/bocbot/hook/cmake_prefix_path.sh'
[5.514s] Level 1:colcon.colcon_core.environment:checking '/home/ephrem/bocbot_ws/install/bocbot/bin'
[5.514s] Level 1:colcon.colcon_core.environment:checking '/home/ephrem/bocbot_ws/install/bocbot/lib/pkgconfig/bocbot.pc'
[5.515s] Level 1:colcon.colcon_core.environment:checking '/home/ephrem/bocbot_ws/install/bocbot/lib/python3.10/site-packages'
[5.515s] Level 1:colcon.colcon_core.environment:checking '/home/ephrem/bocbot_ws/install/bocbot/bin'
[5.535s] INFO:colcon.colcon_core.shell:Creating package script '/home/ephrem/bocbot_ws/install/bocbot/share/bocbot/package.ps1'
[5.536s] INFO:colcon.colcon_core.shell:Creating package descriptor '/home/ephrem/bocbot_ws/install/bocbot/share/bocbot/package.dsv'
[5.537s] INFO:colcon.colcon_core.shell:Creating package script '/home/ephrem/bocbot_ws/install/bocbot/share/bocbot/package.sh'
[5.538s] INFO:colcon.colcon_core.shell:Creating package script '/home/ephrem/bocbot_ws/install/bocbot/share/bocbot/package.bash'
[5.539s] INFO:colcon.colcon_core.shell:Creating package script '/home/ephrem/bocbot_ws/install/bocbot/share/bocbot/package.zsh'
[5.539s] Level 1:colcon.colcon_core.environment:create_file_with_runtime_dependencies(/home/ephrem/bocbot_ws/install/bocbot/share/colcon-core/packages/bocbot)
[5.540s] DEBUG:colcon.colcon_parallel_executor.executor.parallel:closing loop
[5.540s] DEBUG:colcon.colcon_parallel_executor.executor.parallel:loop closed
[5.540s] DEBUG:colcon.colcon_parallel_executor.executor.parallel:run_until_complete finished with '0'
[5.541s] DEBUG:colcon.colcon_core.event_reactor:joining thread
[5.575s] INFO:colcon.colcon_core.plugin_system:Skipping extension 'colcon_notification.desktop_notification.terminal_notifier': Not used on non-Darwin systems
[5.575s] INFO:colcon.colcon_core.plugin_system:Skipping extension 'colcon_notification.desktop_notification.win32': Not used on non-Windows systems
[5.575s] INFO:colcon.colcon_notification.desktop_notification:Sending desktop notification using 'notify2'
[5.592s] DEBUG:colcon.colcon_core.event_reactor:joined thread
[5.623s] INFO:colcon.colcon_core.shell:Creating prefix script '/home/ephrem/bocbot_ws/install/local_setup.ps1'
[5.625s] INFO:colcon.colcon_core.shell:Creating prefix util module '/home/ephrem/bocbot_ws/install/_local_setup_util_ps1.py'
[5.628s] INFO:colcon.colcon_core.shell:Creating prefix chain script '/home/ephrem/bocbot_ws/install/setup.ps1'
[5.678s] INFO:colcon.colcon_core.shell:Creating prefix script '/home/ephrem/bocbot_ws/install/local_setup.sh'
[5.679s] INFO:colcon.colcon_core.shell:Creating prefix util module '/home/ephrem/bocbot_ws/install/_local_setup_util_sh.py'
[5.680s] INFO:colcon.colcon_core.shell:Creating prefix chain script '/home/ephrem/bocbot_ws/install/setup.sh'
[5.701s] INFO:colcon.colcon_core.shell:Creating prefix script '/home/ephrem/bocbot_ws/install/local_setup.bash'
[5.701s] INFO:colcon.colcon_core.shell:Creating prefix chain script '/home/ephrem/bocbot_ws/install/setup.bash'
[5.723s] INFO:colcon.colcon_core.shell:Creating prefix script '/home/ephrem/bocbot_ws/install/local_setup.zsh'
[5.724s] INFO:colcon.colcon_core.shell:Creating prefix chain script '/home/ephrem/bocbot_ws/install/setup.zsh'
