[0.072s] Invoking command in '/home/ephrem/bocbot_ws/build/bocbot': CMAKE_PREFIX_PATH=/opt/ros/humble /usr/bin/cmake --build /home/ephrem/bocbot_ws/build/bocbot -- -j4 -l4
[0.098s] -- Found ament_cmake: 1.3.6 (/opt/ros/humble/share/ament_cmake/cmake)
[0.287s] -- Found xacro: 2.0.8 (/opt/ros/humble/share/xacro/cmake)
[0.287s] -- xacro: determining deps for: /home/ephrem/bocbot_ws/src/bocbot/urdf/bocbot.urdf.xacro ...
[0.391s] -- Found ament_lint_auto: 0.12.9 (/opt/ros/humble/share/ament_lint_auto/cmake)
[0.489s] -- Added test 'copyright' to check source files copyright and LICENSE
[0.492s] -- Added test 'flake8' to check Python code syntax and style conventions
[0.493s] -- Added test 'lint_cmake' to check CMake code style
[0.493s] -- Added test 'pep257' to check Python code against some of the docstring style conventions in PEP 257
[0.495s] -- Added test 'xmllint' to check XML markup files
[0.497s] -- Configuring done
[0.502s] -- Generating done
[0.503s] -- Build files have been written to: /home/ephrem/bocbot_ws/build/bocbot
[0.544s] [100%] Built target media_files
[0.557s] Invoked command in '/home/ephrem/bocbot_ws/build/bocbot' returned '0': CMAKE_PREFIX_PATH=/opt/ros/humble /usr/bin/cmake --build /home/ephrem/bocbot_ws/build/bocbot -- -j4 -l4
[0.593s] Invoking command in '/home/ephrem/bocbot_ws/build/bocbot': CMAKE_PREFIX_PATH=/opt/ros/humble /usr/bin/cmake --install /home/ephrem/bocbot_ws/build/bocbot
[0.601s] -- Install configuration: ""
[0.602s] -- Up-to-date: /home/ephrem/bocbot_ws/install/bocbot/share/bocbot/worlds
[0.603s] -- Up-to-date: /home/ephrem/bocbot_ws/install/bocbot/share/bocbot/worlds/bocbot_office.world
[0.603s] -- Up-to-date: /home/ephrem/bocbot_ws/install/bocbot/share/bocbot/urdf
[0.603s] -- Up-to-date: /home/ephrem/bocbot_ws/install/bocbot/share/bocbot/urdf/bocbot.urdf
[0.603s] -- Up-to-date: /home/ephrem/bocbot_ws/install/bocbot/share/bocbot/urdf/bocbot.gazebo
[0.603s] -- Up-to-date: /home/ephrem/bocbot_ws/install/bocbot/share/bocbot/urdf/bocbot.urdf.xacro
[0.603s] -- Installing: /home/ephrem/bocbot_ws/install/bocbot/share/bocbot/launch
[0.603s] -- Installing: /home/ephrem/bocbot_ws/install/bocbot/share/bocbot/launch/world.launch.py
[0.603s] -- Up-to-date: /home/ephrem/bocbot_ws/install/bocbot/share/ament_index/resource_index/package_run_dependencies/bocbot
[0.603s] -- Up-to-date: /home/ephrem/bocbot_ws/install/bocbot/share/ament_index/resource_index/parent_prefix_path/bocbot
[0.604s] -- Up-to-date: /home/ephrem/bocbot_ws/install/bocbot/share/bocbot/environment/ament_prefix_path.sh
[0.604s] -- Installing: /home/ephrem/bocbot_ws/install/bocbot/share/bocbot/environment/ament_prefix_path.dsv
[0.604s] -- Up-to-date: /home/ephrem/bocbot_ws/install/bocbot/share/bocbot/environment/path.sh
[0.604s] -- Installing: /home/ephrem/bocbot_ws/install/bocbot/share/bocbot/environment/path.dsv
[0.604s] -- Up-to-date: /home/ephrem/bocbot_ws/install/bocbot/share/bocbot/local_setup.bash
[0.604s] -- Up-to-date: /home/ephrem/bocbot_ws/install/bocbot/share/bocbot/local_setup.sh
[0.604s] -- Up-to-date: /home/ephrem/bocbot_ws/install/bocbot/share/bocbot/local_setup.zsh
[0.605s] -- Installing: /home/ephrem/bocbot_ws/install/bocbot/share/bocbot/local_setup.dsv
[0.605s] -- Installing: /home/ephrem/bocbot_ws/install/bocbot/share/bocbot/package.dsv
[0.605s] -- Up-to-date: /home/ephrem/bocbot_ws/install/bocbot/share/ament_index/resource_index/packages/bocbot
[0.605s] -- Up-to-date: /home/ephrem/bocbot_ws/install/bocbot/share/bocbot/cmake/bocbotConfig.cmake
[0.605s] -- Up-to-date: /home/ephrem/bocbot_ws/install/bocbot/share/bocbot/cmake/bocbotConfig-version.cmake
[0.605s] -- Up-to-date: /home/ephrem/bocbot_ws/install/bocbot/share/bocbot/package.xml
[0.607s] Invoked command in '/home/ephrem/bocbot_ws/build/bocbot' returned '0': CMAKE_PREFIX_PATH=/opt/ros/humble /usr/bin/cmake --install /home/ephrem/bocbot_ws/build/bocbot
