[0.096s] Invoking command in '/home/ephrem/bocbot_ws/build/bocbot': CMAKE_PREFIX_PATH=/opt/ros/humble /usr/bin/cmake /home/ephrem/bocbot_ws/src/bocbot -DCMAKE_INSTALL_PREFIX=/home/ephrem/bocbot_ws/install/bocbot
[1.035s] -- The C compiler identification is GNU 11.4.0
[1.936s] -- The CXX compiler identification is GNU 11.4.0
[2.078s] -- Detecting C compiler ABI info
[2.405s] -- Detecting C compiler ABI info - done
[2.416s] -- Check for working C compiler: /usr/bin/cc - skipped
[2.417s] -- Detecting C compile features
[2.447s] -- Detecting C compile features - done
[2.489s] -- Detecting CXX compiler ABI info
[2.652s] -- Detecting CXX compiler ABI info - done
[2.662s] -- Check for working CXX compiler: /usr/bin/c++ - skipped
[2.662s] -- Detecting CXX compile features
[2.663s] -- Detecting CXX compile features - done
[2.755s] -- Found ament_cmake: 1.3.6 (/opt/ros/humble/share/ament_cmake/cmake)
[3.100s] -- Found Python3: /usr/bin/python3.10 (found version "3.10.12") found components: Interpreter 
[3.446s] -- Found xacro: 2.0.8 (/opt/ros/humble/share/xacro/cmake)
[3.457s] -- xacro: determining deps for: /home/ephrem/bocbot_ws/src/bocbot/urdf/bocbot.urdf.xacro ...
[3.772s] -- Found ament_lint_auto: 0.12.9 (/opt/ros/humble/share/ament_lint_auto/cmake)
[4.308s] -- Added test 'copyright' to check source files copyright and LICENSE
[4.312s] -- Added test 'lint_cmake' to check CMake code style
[4.318s] -- Added test 'xmllint' to check XML markup files
[4.340s] -- Configuring done
[4.355s] -- Generating done
[4.360s] -- Build files have been written to: /home/ephrem/bocbot_ws/build/bocbot
[4.377s] Invoked command in '/home/ephrem/bocbot_ws/build/bocbot' returned '0': CMAKE_PREFIX_PATH=/opt/ros/humble /usr/bin/cmake /home/ephrem/bocbot_ws/src/bocbot -DCMAKE_INSTALL_PREFIX=/home/ephrem/bocbot_ws/install/bocbot
[4.378s] Invoking command in '/home/ephrem/bocbot_ws/build/bocbot': CMAKE_PREFIX_PATH=/opt/ros/humble /usr/bin/cmake --build /home/ephrem/bocbot_ws/build/bocbot -- -j4 -l4
[4.433s] [100%] [34m[1mxacro: generating /home/ephrem/bocbot_ws/src/bocbot/urdf/bocbot.urdf from /home/ephrem/bocbot_ws/src/bocbot/urdf/bocbot.urdf.xacro[0m
[4.540s] [100%] Built target media_files
[4.663s] Invoked command in '/home/ephrem/bocbot_ws/build/bocbot' returned '0': CMAKE_PREFIX_PATH=/opt/ros/humble /usr/bin/cmake --build /home/ephrem/bocbot_ws/build/bocbot -- -j4 -l4
[4.701s] Invoking command in '/home/ephrem/bocbot_ws/build/bocbot': CMAKE_PREFIX_PATH=/opt/ros/humble /usr/bin/cmake --install /home/ephrem/bocbot_ws/build/bocbot
[4.710s] -- Install configuration: ""
[4.710s] -- Installing: /home/ephrem/bocbot_ws/install/bocbot/share/bocbot/worlds
[4.711s] -- Installing: /home/ephrem/bocbot_ws/install/bocbot/share/bocbot/worlds/bocbot_office.world
[4.711s] -- Installing: /home/ephrem/bocbot_ws/install/bocbot/share/bocbot/urdf
[4.711s] -- Installing: /home/ephrem/bocbot_ws/install/bocbot/share/bocbot/urdf/bocbot.urdf
[4.711s] -- Installing: /home/ephrem/bocbot_ws/install/bocbot/share/bocbot/urdf/bocbot.gazebo
[4.711s] -- Installing: /home/ephrem/bocbot_ws/install/bocbot/share/bocbot/urdf/bocbot.urdf.xacro
[4.711s] -- Installing: /home/ephrem/bocbot_ws/install/bocbot/share/ament_index/resource_index/package_run_dependencies/bocbot
[4.712s] -- Installing: /home/ephrem/bocbot_ws/install/bocbot/share/ament_index/resource_index/parent_prefix_path/bocbot
[4.712s] -- Installing: /home/ephrem/bocbot_ws/install/bocbot/share/bocbot/environment/ament_prefix_path.sh
[4.712s] -- Installing: /home/ephrem/bocbot_ws/install/bocbot/share/bocbot/environment/ament_prefix_path.dsv
[4.712s] -- Installing: /home/ephrem/bocbot_ws/install/bocbot/share/bocbot/environment/path.sh
[4.713s] -- Installing: /home/ephrem/bocbot_ws/install/bocbot/share/bocbot/environment/path.dsv
[4.713s] -- Installing: /home/ephrem/bocbot_ws/install/bocbot/share/bocbot/local_setup.bash
[4.713s] -- Installing: /home/ephrem/bocbot_ws/install/bocbot/share/bocbot/local_setup.sh
[4.713s] -- Installing: /home/ephrem/bocbot_ws/install/bocbot/share/bocbot/local_setup.zsh
[4.714s] -- Installing: /home/ephrem/bocbot_ws/install/bocbot/share/bocbot/local_setup.dsv
[4.714s] -- Installing: /home/ephrem/bocbot_ws/install/bocbot/share/bocbot/package.dsv
[4.714s] -- Installing: /home/ephrem/bocbot_ws/install/bocbot/share/ament_index/resource_index/packages/bocbot
[4.715s] -- Installing: /home/ephrem/bocbot_ws/install/bocbot/share/bocbot/cmake/bocbotConfig.cmake
[4.715s] -- Installing: /home/ephrem/bocbot_ws/install/bocbot/share/bocbot/cmake/bocbotConfig-version.cmake
[4.715s] -- Installing: /home/ephrem/bocbot_ws/install/bocbot/share/bocbot/package.xml
[4.717s] Invoked command in '/home/ephrem/bocbot_ws/build/bocbot' returned '0': CMAKE_PREFIX_PATH=/opt/ros/humble /usr/bin/cmake --install /home/ephrem/bocbot_ws/build/bocbot
